Using pre-set license
Built from '2020.3/staging' branch; Version is '2020.3.11f1 (99c7afb366b3) revision 10078127'; Using compiler version '192528614'; Build Type 'Release'
OS: 'Windows 10 Home; OS build 22631.3737; Version 2009; 64bit' Language: 'ru' Physical Memory: 32477 MB
BatchMode: 1, IsHumanControllingUs: 0, StartBugReporterOnCrash: 0, Is64bit: 1, IsPro: 0

 COMMAND LINE ARGUMENTS:
C:\Program Files\Unity\Hub\Editor\2020.3.11f1\Editor\Unity.exe
-adb2
-batchMode
-noUpm
-name
AssetImportWorker0
-projectPath
C:/MyFiles/TomatoFantasyGames/BlackHolePrototype
-logFile
Logs/AssetImportWorker0.log
-srvPort
60886
Successfully changed project path to: C:/MyFiles/TomatoFantasyGames/BlackHolePrototype
C:/MyFiles/TomatoFantasyGames/BlackHolePrototype
Using Asset Import Pipeline V2.
Refreshing native plugins compatible for Editor in 36.61 ms, found 2 plugins.
Preloading 0 native plugins for Editor in 0.00 ms.
Initialize engine version: 2020.3.11f1 (99c7afb366b3)
[Subsystems] Discovering subsystems at path C:/Program Files/Unity/Hub/Editor/2020.3.11f1/Editor/Data/Resources/UnitySubsystems
[Subsystems] Discovering subsystems at path C:/MyFiles/TomatoFantasyGames/BlackHolePrototype/Assets
GfxDevice: creating device client; threaded=0
Direct3D:
    Version:  Direct3D 11.0 [level 11.1]
    Renderer: NVIDIA GeForce RTX 3070 Ti Laptop GPU (ID=0x24a0)
    Vendor:   
    VRAM:     8018 MB
    Driver:   31.0.15.5244
Shader 'Universal Render Pipeline/Particles/Lit': fallback shader 'Universal Render Pipeline/Particles/SimpleLit' not found
Initialize mono
Mono path[0] = 'C:/Program Files/Unity/Hub/Editor/2020.3.11f1/Editor/Data/Managed'
Mono path[1] = 'C:/Program Files/Unity/Hub/Editor/2020.3.11f1/Editor/Data/MonoBleedingEdge/lib/mono/unityjit'
Mono config path = 'C:/Program Files/Unity/Hub/Editor/2020.3.11f1/Editor/Data/MonoBleedingEdge/etc'
Using monoOptions --debugger-agent=transport=dt_socket,embedding=1,server=y,suspend=n,address=127.0.0.1:56808
Begin MonoManager ReloadAssembly
Registering precompiled unity dll's ...
Register platform support module: C:/Program Files/Unity/Hub/Editor/2020.3.11f1/Editor/Data/PlaybackEngines/WindowsStandaloneSupport/UnityEditor.WindowsStandalone.Extensions.dll
Registered in 0.000897 seconds.
Native extension for WindowsStandalone target not found
Refreshing native plugins compatible for Editor in 37.35 ms, found 2 plugins.
Preloading 0 native plugins for Editor in 0.00 ms.
Mono: successfully reloaded assembly
- Completed reload, in  0.576 seconds
Platform modules already initialized, skipping
Registering precompiled user dll's ...
Registered in 0.002277 seconds.
Begin MonoManager ReloadAssembly
Native extension for WindowsStandalone target not found
Refreshing native plugins compatible for Editor in 38.38 ms, found 2 plugins.
Preloading 0 native plugins for Editor in 0.00 ms.
Mono: successfully reloaded assembly
- Completed reload, in  0.997 seconds
Platform modules already initialized, skipping
========================================================================
Worker process is ready to serve import requests
Shader 'Universal Render Pipeline/Particles/Lit': fallback shader 'Universal Render Pipeline/Particles/SimpleLit' not found
Launched and connected shader compiler UnityShaderCompiler.exe after 0.03 seconds
Refreshing native plugins compatible for Editor in 0.41 ms, found 2 plugins.
Preloading 0 native plugins for Editor in 0.00 ms.
Unloading 3325 Unused Serialized files (Serialized files now loaded: 0)
System memory in use before: 237.2 MB.
System memory in use after: 237.4 MB.

Unloading 21 unused Assets to reduce memory usage. Loaded Objects now: 3792.
Total: 2.012100 ms (FindLiveObjects: 0.172000 ms CreateObjectMapping: 0.068400 ms MarkObjects: 1.639100 ms  DeleteObjects: 0.131600 ms)

========================================================================
Received Import Request.
  path: Assets/Scripts/Player/PlayerMovement.cs
  artifactKey: Guid(3700c58258d566944987e9d71afd3fe2) Importer(815301076,1909f56bfc062723c751e8b465ee728b)
Start importing Assets/Scripts/Player/PlayerMovement.cs using Guid(3700c58258d566944987e9d71afd3fe2) Importer(815301076,1909f56bfc062723c751e8b465ee728b)  -> (artifact id: '04564e0b68cc5c0125ad6d957f25e4b2') in 0.060051 seconds
  Import took 0.063502 seconds .

========================================================================
Received Prepare
Registering precompiled user dll's ...
Registered in 0.003242 seconds.
Begin MonoManager ReloadAssembly
Native extension for WindowsStandalone target not found
Refreshing native plugins compatible for Editor in 0.38 ms, found 2 plugins.
Preloading 0 native plugins for Editor in 0.00 ms.
Mono: successfully reloaded assembly
- Completed reload, in  0.825 seconds
Platform modules already initialized, skipping
Shader 'Universal Render Pipeline/Particles/Lit': fallback shader 'Universal Render Pipeline/Particles/SimpleLit' not found
Refreshing native plugins compatible for Editor in 0.51 ms, found 2 plugins.
Preloading 0 native plugins for Editor in 0.00 ms.
Unloading 3237 Unused Serialized files (Serialized files now loaded: 0)
System memory in use before: 229.0 MB.
System memory in use after: 229.2 MB.

Unloading 16 unused Assets to reduce memory usage. Loaded Objects now: 3795.
Total: 2.829000 ms (FindLiveObjects: 0.387800 ms CreateObjectMapping: 0.119200 ms MarkObjects: 2.170000 ms  DeleteObjects: 0.150400 ms)

========================================================================
Received Prepare
Registering precompiled user dll's ...
Registered in 0.002785 seconds.
Begin MonoManager ReloadAssembly
Native extension for WindowsStandalone target not found
Refreshing native plugins compatible for Editor in 0.41 ms, found 2 plugins.
Preloading 0 native plugins for Editor in 0.00 ms.
Mono: successfully reloaded assembly
- Completed reload, in  0.724 seconds
Platform modules already initialized, skipping
Shader 'Universal Render Pipeline/Particles/Lit': fallback shader 'Universal Render Pipeline/Particles/SimpleLit' not found
Refreshing native plugins compatible for Editor in 0.42 ms, found 2 plugins.
Preloading 0 native plugins for Editor in 0.00 ms.
Unloading 3237 Unused Serialized files (Serialized files now loaded: 0)
System memory in use before: 229.1 MB.
System memory in use after: 229.3 MB.

Unloading 16 unused Assets to reduce memory usage. Loaded Objects now: 3798.
Total: 2.179800 ms (FindLiveObjects: 0.168900 ms CreateObjectMapping: 0.064900 ms MarkObjects: 1.828400 ms  DeleteObjects: 0.116300 ms)

========================================================================
Received Import Request.
  Time since last request: 363.669378 seconds.
  path: Assets/Scenes/LVL_02.unity
  artifactKey: Guid(1cbc5e0e51d2f464f88f69ece9f0c0ee) Importer(815301076,1909f56bfc062723c751e8b465ee728b)
Start importing Assets/Scenes/LVL_02.unity using Guid(1cbc5e0e51d2f464f88f69ece9f0c0ee) Importer(815301076,1909f56bfc062723c751e8b465ee728b)  -> (artifact id: '2862174cbd2af8687808784a52402df8') in 0.090462 seconds
  Import took 0.095997 seconds .

========================================================================
Received Prepare
Registering precompiled user dll's ...
Registered in 0.002289 seconds.
Begin MonoManager ReloadAssembly
Native extension for WindowsStandalone target not found
Refreshing native plugins compatible for Editor in 0.39 ms, found 2 plugins.
Preloading 0 native plugins for Editor in 0.00 ms.
Mono: successfully reloaded assembly
- Completed reload, in  0.705 seconds
Platform modules already initialized, skipping
Shader 'Universal Render Pipeline/Particles/Lit': fallback shader 'Universal Render Pipeline/Particles/SimpleLit' not found
Refreshing native plugins compatible for Editor in 0.43 ms, found 2 plugins.
Preloading 0 native plugins for Editor in 0.00 ms.
Unloading 3237 Unused Serialized files (Serialized files now loaded: 0)
System memory in use before: 229.1 MB.
System memory in use after: 229.3 MB.

Unloading 16 unused Assets to reduce memory usage. Loaded Objects now: 3801.
Total: 2.401500 ms (FindLiveObjects: 0.176200 ms CreateObjectMapping: 0.061800 ms MarkObjects: 2.046500 ms  DeleteObjects: 0.115900 ms)

========================================================================
Received Prepare
Registering precompiled user dll's ...
Registered in 0.068537 seconds.
Begin MonoManager ReloadAssembly
Native extension for WindowsStandalone target not found
Refreshing native plugins compatible for Editor in 0.75 ms, found 2 plugins.
Preloading 0 native plugins for Editor in 0.00 ms.
Mono: successfully reloaded assembly
- Completed reload, in  0.881 seconds
Platform modules already initialized, skipping
Shader 'Universal Render Pipeline/Particles/Lit': fallback shader 'Universal Render Pipeline/Particles/SimpleLit' not found
Refreshing native plugins compatible for Editor in 0.44 ms, found 2 plugins.
Preloading 0 native plugins for Editor in 0.00 ms.
Unloading 3237 Unused Serialized files (Serialized files now loaded: 0)
System memory in use before: 229.1 MB.
System memory in use after: 229.3 MB.

Unloading 16 unused Assets to reduce memory usage. Loaded Objects now: 3804.
Total: 2.004600 ms (FindLiveObjects: 0.144800 ms CreateObjectMapping: 0.056100 ms MarkObjects: 1.694300 ms  DeleteObjects: 0.108500 ms)

========================================================================
Received Import Request.
  Time since last request: 7708.230841 seconds.
  path: Packages/com.unity.ugui/Runtime/EventSystem/EventSystem.cs
  artifactKey: Guid(76c392e42b5098c458856cdf6ecaaaa1) Importer(815301076,1909f56bfc062723c751e8b465ee728b)
Start importing Packages/com.unity.ugui/Runtime/EventSystem/EventSystem.cs using Guid(76c392e42b5098c458856cdf6ecaaaa1) Importer(815301076,1909f56bfc062723c751e8b465ee728b)  -> (artifact id: 'a91a7f257d14243c82d8fe2c36fd4f97') in 0.015137 seconds
  Import took 0.021342 seconds .

========================================================================
Received Import Request.
  Time since last request: 0.008911 seconds.
  path: Packages/com.unity.ugui/Runtime/EventSystem/EventSystem.cs
  artifactKey: Guid(76c392e42b5098c458856cdf6ecaaaa1) Importer(815301076,1909f56bfc062723c751e8b465ee728b)
Start importing Packages/com.unity.ugui/Runtime/EventSystem/EventSystem.cs using Guid(76c392e42b5098c458856cdf6ecaaaa1) Importer(815301076,1909f56bfc062723c751e8b465ee728b)  -> (artifact id: 'a91a7f257d14243c82d8fe2c36fd4f97') in 0.002351 seconds
  Import took 0.006660 seconds .

========================================================================
Received Prepare
Registering precompiled user dll's ...
Registered in 0.304512 seconds.
Begin MonoManager ReloadAssembly
Native extension for WindowsStandalone target not found
Refreshing native plugins compatible for Editor in 0.50 ms, found 2 plugins.
Preloading 0 native plugins for Editor in 0.00 ms.
Mono: successfully reloaded assembly
- Completed reload, in  0.845 seconds
Platform modules already initialized, skipping
Shader 'Universal Render Pipeline/Particles/Lit': fallback shader 'Universal Render Pipeline/Particles/SimpleLit' not found
Refreshing native plugins compatible for Editor in 0.48 ms, found 2 plugins.
Preloading 0 native plugins for Editor in 0.00 ms.
Unloading 3237 Unused Serialized files (Serialized files now loaded: 0)
System memory in use before: 229.2 MB.
System memory in use after: 229.4 MB.

Unloading 16 unused Assets to reduce memory usage. Loaded Objects now: 3807.
Total: 2.443900 ms (FindLiveObjects: 0.220800 ms CreateObjectMapping: 0.072600 ms MarkObjects: 2.012000 ms  DeleteObjects: 0.137100 ms)

========================================================================
Received Import Request.
  Time since last request: 550.486629 seconds.
  path: Assets/Animations/Drone/RedLigth_AC.controller
  artifactKey: Guid(d01d71650488b3e438e12fe29c637157) Importer(815301076,1909f56bfc062723c751e8b465ee728b)
Start importing Assets/Animations/Drone/RedLigth_AC.controller using Guid(d01d71650488b3e438e12fe29c637157) Importer(815301076,1909f56bfc062723c751e8b465ee728b)  -> (artifact id: 'd8a80caff1b091902c55cdaa373440b2') in 0.136668 seconds
  Import took 0.143447 seconds .

========================================================================
Received Import Request.
  Time since last request: 15.566812 seconds.
  path: Assets/Audio/One.mp3
  artifactKey: Guid(e6b3a1a5fda46e04cacbf0eb4fd7edb1) Importer(815301076,1909f56bfc062723c751e8b465ee728b)
Start importing Assets/Audio/One.mp3 using Guid(e6b3a1a5fda46e04cacbf0eb4fd7edb1) Importer(815301076,1909f56bfc062723c751e8b465ee728b)  -> (artifact id: '0b82eaad3e8082d700a95a1eddc60465') in 0.106019 seconds
  Import took 0.110704 seconds .

========================================================================
Received Import Request.
  Time since last request: 59.906447 seconds.
  path: Assets/Prefabs/DashWind.prefab
  artifactKey: Guid(43cd5ebbd5357254cbd662c20cec62a4) Importer(815301076,1909f56bfc062723c751e8b465ee728b)
Start importing Assets/Prefabs/DashWind.prefab using Guid(43cd5ebbd5357254cbd662c20cec62a4) Importer(815301076,1909f56bfc062723c751e8b465ee728b)  -> (artifact id: '3800731cee201ba9a250db9f9d63d8e6') in 0.021491 seconds
  Import took 0.026369 seconds .

========================================================================
Received Import Request.
  Time since last request: 0.002723 seconds.
  path: Assets/Prefabs/DashWind.prefab
  artifactKey: Guid(43cd5ebbd5357254cbd662c20cec62a4) Importer(815301076,1909f56bfc062723c751e8b465ee728b)
Start importing Assets/Prefabs/DashWind.prefab using Guid(43cd5ebbd5357254cbd662c20cec62a4) Importer(815301076,1909f56bfc062723c751e8b465ee728b)  -> (artifact id: '3800731cee201ba9a250db9f9d63d8e6') in 0.003780 seconds
  Import took 0.007547 seconds .

========================================================================
Received Import Request.
  Time since last request: 9.995271 seconds.
  path: Assets/Prefabs/VFX
  artifactKey: Guid(b61e56454d391fc48a47a5fb2e8bdc01) Importer(815301076,1909f56bfc062723c751e8b465ee728b)
Start importing Assets/Prefabs/VFX using Guid(b61e56454d391fc48a47a5fb2e8bdc01) Importer(815301076,1909f56bfc062723c751e8b465ee728b)  -> (artifact id: '0b6881a9fb538cf6816a2660f639ae80') in 0.011485 seconds
  Import took 0.016340 seconds .

========================================================================
Received Import Request.
  Time since last request: 5.480695 seconds.
  path: Assets/Scenes
  artifactKey: Guid(9704e695d4b62d94fbdc913564866c81) Importer(815301076,1909f56bfc062723c751e8b465ee728b)
Start importing Assets/Scenes using Guid(9704e695d4b62d94fbdc913564866c81) Importer(815301076,1909f56bfc062723c751e8b465ee728b)  -> (artifact id: 'a8e12badd392d37b5f0998bfbb849579') in 0.011472 seconds
  Import took 0.016447 seconds .

========================================================================
Received Prepare
Registering precompiled user dll's ...
Registered in 0.005137 seconds.
Begin MonoManager ReloadAssembly
Native extension for WindowsStandalone target not found
Refreshing native plugins compatible for Editor in 0.46 ms, found 2 plugins.
Preloading 0 native plugins for Editor in 0.00 ms.
Mono: successfully reloaded assembly
- Completed reload, in  0.933 seconds
Platform modules already initialized, skipping
Shader 'Universal Render Pipeline/Particles/Lit': fallback shader 'Universal Render Pipeline/Particles/SimpleLit' not found
Refreshing native plugins compatible for Editor in 0.52 ms, found 2 plugins.
Preloading 0 native plugins for Editor in 0.00 ms.
Unloading 3237 Unused Serialized files (Serialized files now loaded: 0)
System memory in use before: 232.2 MB.
System memory in use after: 232.4 MB.

Unloading 16 unused Assets to reduce memory usage. Loaded Objects now: 3819.
Total: 2.857300 ms (FindLiveObjects: 0.468500 ms CreateObjectMapping: 0.071100 ms MarkObjects: 2.178500 ms  DeleteObjects: 0.137600 ms)

========================================================================
Received Prepare
Registering precompiled user dll's ...
Registered in 0.002725 seconds.
Begin MonoManager ReloadAssembly
Native extension for WindowsStandalone target not found
Refreshing native plugins compatible for Editor in 0.67 ms, found 2 plugins.
Preloading 0 native plugins for Editor in 0.00 ms.
Mono: successfully reloaded assembly
- Completed reload, in  0.816 seconds
Platform modules already initialized, skipping
Shader 'Universal Render Pipeline/Particles/Lit': fallback shader 'Universal Render Pipeline/Particles/SimpleLit' not found
Refreshing native plugins compatible for Editor in 0.57 ms, found 2 plugins.
Preloading 0 native plugins for Editor in 0.00 ms.
Unloading 3237 Unused Serialized files (Serialized files now loaded: 0)
System memory in use before: 232.2 MB.
System memory in use after: 232.4 MB.

Unloading 16 unused Assets to reduce memory usage. Loaded Objects now: 3822.
Total: 2.456400 ms (FindLiveObjects: 0.209800 ms CreateObjectMapping: 0.070800 ms MarkObjects: 2.042600 ms  DeleteObjects: 0.132200 ms)

========================================================================
Received Prepare
Registering precompiled user dll's ...
Registered in 0.003076 seconds.
Begin MonoManager ReloadAssembly
Native extension for WindowsStandalone target not found
Refreshing native plugins compatible for Editor in 0.49 ms, found 2 plugins.
Preloading 0 native plugins for Editor in 0.00 ms.
Mono: successfully reloaded assembly
- Completed reload, in  0.832 seconds
Platform modules already initialized, skipping
Shader 'Universal Render Pipeline/Particles/Lit': fallback shader 'Universal Render Pipeline/Particles/SimpleLit' not found
Refreshing native plugins compatible for Editor in 0.55 ms, found 2 plugins.
Preloading 0 native plugins for Editor in 0.00 ms.
Unloading 3237 Unused Serialized files (Serialized files now loaded: 0)
System memory in use before: 232.2 MB.
System memory in use after: 232.4 MB.

Unloading 16 unused Assets to reduce memory usage. Loaded Objects now: 3825.
Total: 2.759800 ms (FindLiveObjects: 0.191500 ms CreateObjectMapping: 0.077000 ms MarkObjects: 2.345100 ms  DeleteObjects: 0.145000 ms)

========================================================================
Received Prepare
Registering precompiled user dll's ...
Registered in 0.002611 seconds.
Begin MonoManager ReloadAssembly
Native extension for WindowsStandalone target not found
Refreshing native plugins compatible for Editor in 0.53 ms, found 2 plugins.
Preloading 0 native plugins for Editor in 0.00 ms.
Mono: successfully reloaded assembly
- Completed reload, in  0.854 seconds
Platform modules already initialized, skipping
Shader 'Universal Render Pipeline/Particles/Lit': fallback shader 'Universal Render Pipeline/Particles/SimpleLit' not found
Refreshing native plugins compatible for Editor in 0.54 ms, found 2 plugins.
Preloading 0 native plugins for Editor in 0.00 ms.
Unloading 3237 Unused Serialized files (Serialized files now loaded: 0)
System memory in use before: 232.2 MB.
System memory in use after: 232.4 MB.

Unloading 16 unused Assets to reduce memory usage. Loaded Objects now: 3828.
Total: 2.550000 ms (FindLiveObjects: 0.197800 ms CreateObjectMapping: 0.081700 ms MarkObjects: 2.134100 ms  DeleteObjects: 0.135200 ms)

========================================================================
Received Import Request.
  Time since last request: 323.493490 seconds.
  path: Assets/Scripts/Player/PlayerMovement.cs
  artifactKey: Guid(3700c58258d566944987e9d71afd3fe2) Importer(815301076,1909f56bfc062723c751e8b465ee728b)
Start importing Assets/Scripts/Player/PlayerMovement.cs using Guid(3700c58258d566944987e9d71afd3fe2) Importer(815301076,1909f56bfc062723c751e8b465ee728b)  -> (artifact id: '4acdb935f714bfe96505291bb4f390d5') in 0.018174 seconds
  Import took 0.023772 seconds .

========================================================================
Received Import Request.
  Time since last request: 0.002767 seconds.
  path: Assets/Scripts/Player/PlayerMovement.cs
  artifactKey: Guid(3700c58258d566944987e9d71afd3fe2) Importer(815301076,1909f56bfc062723c751e8b465ee728b)
Start importing Assets/Scripts/Player/PlayerMovement.cs using Guid(3700c58258d566944987e9d71afd3fe2) Importer(815301076,1909f56bfc062723c751e8b465ee728b)  -> (artifact id: '4acdb935f714bfe96505291bb4f390d5') in 0.002311 seconds
  Import took 0.006163 seconds .

========================================================================
Received Import Request.
  Time since last request: 43.495361 seconds.
  path: Assets/Scripts/Player/PlayerMovement.cs
  artifactKey: Guid(3700c58258d566944987e9d71afd3fe2) Importer(815301076,1909f56bfc062723c751e8b465ee728b)
Start importing Assets/Scripts/Player/PlayerMovement.cs using Guid(3700c58258d566944987e9d71afd3fe2) Importer(815301076,1909f56bfc062723c751e8b465ee728b)  -> (artifact id: '07491731b1cdc963e6aa9323eebf2109') in 0.002579 seconds
  Import took 0.008260 seconds .

========================================================================
Received Prepare
Registering precompiled user dll's ...
Registered in 0.002649 seconds.
Begin MonoManager ReloadAssembly
Native extension for WindowsStandalone target not found
Refreshing native plugins compatible for Editor in 0.47 ms, found 2 plugins.
Preloading 0 native plugins for Editor in 0.00 ms.
Mono: successfully reloaded assembly
- Completed reload, in  0.808 seconds
Platform modules already initialized, skipping
Shader 'Universal Render Pipeline/Particles/Lit': fallback shader 'Universal Render Pipeline/Particles/SimpleLit' not found
Refreshing native plugins compatible for Editor in 0.55 ms, found 2 plugins.
Preloading 0 native plugins for Editor in 0.00 ms.
Unloading 3237 Unused Serialized files (Serialized files now loaded: 0)
System memory in use before: 232.2 MB.
System memory in use after: 232.4 MB.

Unloading 16 unused Assets to reduce memory usage. Loaded Objects now: 3831.
Total: 2.508600 ms (FindLiveObjects: 0.220900 ms CreateObjectMapping: 0.077400 ms MarkObjects: 2.078100 ms  DeleteObjects: 0.130800 ms)

========================================================================
Received Import Request.
  Time since last request: 129.842178 seconds.
  path: Assets/Scripts/Player/PlayerMovement.cs
  artifactKey: Guid(3700c58258d566944987e9d71afd3fe2) Importer(815301076,1909f56bfc062723c751e8b465ee728b)
Start importing Assets/Scripts/Player/PlayerMovement.cs using Guid(3700c58258d566944987e9d71afd3fe2) Importer(815301076,1909f56bfc062723c751e8b465ee728b)  -> (artifact id: '80115302061f21c8f72b743a52845d64') in 0.007014 seconds
  Import took 0.012273 seconds .

========================================================================
Received Prepare
Registering precompiled user dll's ...
Registered in 0.002599 seconds.
Begin MonoManager ReloadAssembly
Native extension for WindowsStandalone target not found
Refreshing native plugins compatible for Editor in 0.47 ms, found 2 plugins.
Preloading 0 native plugins for Editor in 0.00 ms.
Mono: successfully reloaded assembly
- Completed reload, in  0.799 seconds
Platform modules already initialized, skipping
Shader 'Universal Render Pipeline/Particles/Lit': fallback shader 'Universal Render Pipeline/Particles/SimpleLit' not found
Refreshing native plugins compatible for Editor in 0.54 ms, found 2 plugins.
Preloading 0 native plugins for Editor in 0.00 ms.
Unloading 3237 Unused Serialized files (Serialized files now loaded: 0)
System memory in use before: 232.2 MB.
System memory in use after: 232.4 MB.

Unloading 16 unused Assets to reduce memory usage. Loaded Objects now: 3834.
Total: 2.521200 ms (FindLiveObjects: 0.197200 ms CreateObjectMapping: 0.072200 ms MarkObjects: 2.115700 ms  DeleteObjects: 0.134900 ms)

========================================================================
Received Import Request.
  Time since last request: 10.463933 seconds.
  path: Assets/Scripts/Player/PlayerMovement.cs
  artifactKey: Guid(3700c58258d566944987e9d71afd3fe2) Importer(815301076,1909f56bfc062723c751e8b465ee728b)
Start importing Assets/Scripts/Player/PlayerMovement.cs using Guid(3700c58258d566944987e9d71afd3fe2) Importer(815301076,1909f56bfc062723c751e8b465ee728b)  -> (artifact id: 'e43aadc1fd5dd146b3787b846f578d12') in 0.005870 seconds
  Import took 0.011143 seconds .

========================================================================
Received Prepare
Registering precompiled user dll's ...
Registered in 0.002725 seconds.
Begin MonoManager ReloadAssembly
Native extension for WindowsStandalone target not found
Refreshing native plugins compatible for Editor in 0.71 ms, found 2 plugins.
Preloading 0 native plugins for Editor in 0.00 ms.
Mono: successfully reloaded assembly
- Completed reload, in  0.934 seconds
Platform modules already initialized, skipping
Shader 'Universal Render Pipeline/Particles/Lit': fallback shader 'Universal Render Pipeline/Particles/SimpleLit' not found
Refreshing native plugins compatible for Editor in 0.54 ms, found 2 plugins.
Preloading 0 native plugins for Editor in 0.00 ms.
Unloading 3237 Unused Serialized files (Serialized files now loaded: 0)
System memory in use before: 232.2 MB.
System memory in use after: 232.4 MB.

Unloading 16 unused Assets to reduce memory usage. Loaded Objects now: 3837.
Total: 2.559200 ms (FindLiveObjects: 0.221500 ms CreateObjectMapping: 0.084700 ms MarkObjects: 2.104200 ms  DeleteObjects: 0.146900 ms)

AssetImportWorkerClient::OnTransportError - code=2 error=End of file
